# JRE version: OpenJDK Runtime Environment Temurin-21.0.9+10 (21.0.9+10) (build 21.0.9+10-LTS)
# Java VM: OpenJDK 64-Bit Server VM Temurin-21.0.9+10 (21.0.9+10-LTS, mixed mode, sharing, tiered, compressed oops, compressed class ptrs, parallel gc, windows-amd64)
GC Precious Log:
 CardTable entry size: 512
 CPUs: 12 total, 12 available
 Memory: 16105M
 Large Page Support: Disabled
 NUMA Support: Disabled
 Compressed Oops: Enabled (32-bit)
 Alignments: Space 512K, Generation 512K, Heap 2M
 Heap Min Capacity: 100M
 Heap Initial Capacity: 100M
 Heap Max Capacity: 2G
 Pre-touch: Disabled
 Parallel Workers: 10
Heap:
 PSYoungGen      total 20992K, used 12009K [0x00000000d5580000, 0x00000000d6b80000, 0x0000000100000000)
  eden space 20480K, 56% used [0x00000000d5580000,0x00000000d60d2538,0x00000000d6980000)
  from space 512K, 81% used [0x00000000d6b00000,0x00000000d6b68000,0x00000000d6b80000)
  to   space 512K, 0% used [0x00000000d6980000,0x00000000d6980000,0x00000000d6a00000)
 ParOldGen       total 68608K, used 32494K [0x0000000080000000, 0x0000000084300000, 0x00000000d5580000)
  object space 68608K, 47% used [0x0000000080000000,0x0000000081fbb858,0x0000000084300000)
 Metaspace       used 39799K, committed 40896K, reserved 1114112K
  class space    used 4017K, committed 4544K, reserved 1048576K
GC Heap History (20 events):
Event: 13.454 GC heap before
{Heap before GC invocations=17 (full 1):
 PSYoungGen      total 24064K, used 23840K [0x00000000d5580000, 0x00000000d6f80000, 0x0000000100000000)
  eden space 21504K, 100% used [0x00000000d5580000,0x00000000d6a80000,0x00000000d6a80000)
  from space 2560K, 91% used [0x00000000d6a80000,0x00000000d6cc8010,0x00000000d6d00000)
  to   space 2560K, 0% used [0x00000000d6d00000,0x00000000d6d00000,0x00000000d6f80000)
 ParOldGen       total 68608K, used 25187K [0x0000000080000000, 0x0000000084300000, 0x00000000d5580000)
  object space 68608K, 36% used [0x0000000080000000,0x0000000081898d58,0x0000000084300000)
 Metaspace       used 32599K, committed 33600K, reserved 1114112K
  class space    used 3303K, committed 3776K, reserved 1048576K
}
Event: 13.457 GC heap after
{Heap after GC invocations=17 (full 1):
 PSYoungGen      total 24064K, used 2048K [0x00000000d5580000, 0x00000000d6f80000, 0x0000000100000000)
  eden space 21504K, 0% used [0x00000000d5580000,0x00000000d5580000,0x00000000d6a80000)
  from space 2560K, 80% used [0x00000000d6d00000,0x00000000d6f00000,0x00000000d6f80000)
  to   space 2560K, 0% used [0x00000000d6a80000,0x00000000d6a80000,0x00000000d6d00000)
 ParOldGen       total 68608K, used 27363K [0x0000000080000000, 0x0000000084300000, 0x00000000d5580000)
  object space 68608K, 39% used [0x0000000080000000,0x0000000081ab8d68,0x0000000084300000)
 Metaspace       used 32599K, committed 33600K, reserved 1114112K
  class space    used 3303K, committed 3776K, reserved 1048576K
}
Event: 13.788 GC heap before
{Heap before GC invocations=18 (full 1):
 PSYoungGen      total 24064K, used 23552K [0x00000000d5580000, 0x00000000d6f80000, 0x0000000100000000)
  eden space 21504K, 100% used [0x00000000d5580000,0x00000000d6a80000,0x00000000d6a80000)
  from space 2560K, 80% used [0x00000000d6d00000,0x00000000d6f00000,0x00000000d6f80000)
  to   space 2560K, 0% used [0x00000000d6a80000,0x00000000d6a80000,0x00000000d6d00000)
 ParOldGen       total 68608K, used 27363K [0x0000000080000000, 0x0000000084300000, 0x00000000d5580000)
  object space 68608K, 39% used [0x0000000080000000,0x0000000081ab8d68,0x0000000084300000)
 Metaspace       used 33575K, committed 34560K, reserved 1114112K
  class space    used 3442K, committed 3904K, reserved 1048576K
}
Event: 13.792 GC heap after
{Heap after GC invocations=18 (full 1):
 PSYoungGen      total 23552K, used 1600K [0x00000000d5580000, 0x00000000d6e80000, 0x0000000100000000)
  eden space 21504K, 0% used [0x00000000d5580000,0x00000000d5580000,0x00000000d6a80000)
  from space 2048K, 78% used [0x00000000d6a80000,0x00000000d6c10338,0x00000000d6c80000)
  to   space 2048K, 0% used [0x00000000d6c80000,0x00000000d6c80000,0x00000000d6e80000)
 ParOldGen       total 68608K, used 29275K [0x0000000080000000, 0x0000000084300000, 0x00000000d5580000)
  object space 68608K, 42% used [0x0000000080000000,0x0000000081c96f68,0x0000000084300000)
 Metaspace       used 33575K, committed 34560K, reserved 1114112K
  class space    used 3442K, committed 3904K, reserved 1048576K
}
Event: 14.224 GC heap before
{Heap before GC invocations=19 (full 1):
 PSYoungGen      total 23552K, used 7939K [0x00000000d5580000, 0x00000000d6e80000, 0x0000000100000000)
  eden space 21504K, 29% used [0x00000000d5580000,0x00000000d5bb0c80,0x00000000d6a80000)
  from space 2048K, 78% used [0x00000000d6a80000,0x00000000d6c10338,0x00000000d6c80000)
  to   space 2048K, 0% used [0x00000000d6c80000,0x00000000d6c80000,0x00000000d6e80000)
 ParOldGen       total 68608K, used 29275K [0x0000000080000000, 0x0000000084300000, 0x00000000d5580000)
  object space 68608K, 42% used [0x0000000080000000,0x0000000081c96f68,0x0000000084300000)
 Metaspace       used 34815K, committed 35840K, reserved 1114112K
  class space    used 3541K, committed 4032K, reserved 1048576K
}
Event: 14.226 GC heap after
{Heap after GC invocations=19 (full 1):
 PSYoungGen      total 22528K, used 756K [0x00000000d5580000, 0x00000000d6d80000, 0x0000000100000000)
  eden space 21504K, 0% used [0x00000000d5580000,0x00000000d5580000,0x00000000d6a80000)
  from space 1024K, 73% used [0x00000000d6c80000,0x00000000d6d3d3d8,0x00000000d6d80000)
  to   space 1536K, 0% used [0x00000000d6a80000,0x00000000d6a80000,0x00000000d6c00000)
 ParOldGen       total 68608K, used 30699K [0x0000000080000000, 0x0000000084300000, 0x00000000d5580000)
  object space 68608K, 44% used [0x0000000080000000,0x0000000081dfae70,0x0000000084300000)
 Metaspace       used 34815K, committed 35840K, reserved 1114112K
  class space    used 3541K, committed 4032K, reserved 1048576K
}
Event: 14.226 GC heap before
{Heap before GC invocations=20 (full 2):
 PSYoungGen      total 22528K, used 756K [0x00000000d5580000, 0x00000000d6d80000, 0x0000000100000000)
  eden space 21504K, 0% used [0x00000000d5580000,0x00000000d5580000,0x00000000d6a80000)
  from space 1024K, 73% used [0x00000000d6c80000,0x00000000d6d3d3d8,0x00000000d6d80000)
  to   space 1536K, 0% used [0x00000000d6a80000,0x00000000d6a80000,0x00000000d6c00000)
 ParOldGen       total 68608K, used 30699K [0x0000000080000000, 0x0000000084300000, 0x00000000d5580000)
  object space 68608K, 44% used [0x0000000080000000,0x0000000081dfae70,0x0000000084300000)
 Metaspace       used 34815K, committed 35840K, reserved 1114112K
  class space    used 3541K, committed 4032K, reserved 1048576K
}
Event: 14.291 GC heap after
{Heap after GC invocations=20 (full 2):
 PSYoungGen      total 22528K, used 0K [0x00000000d5580000, 0x00000000d6d80000, 0x0000000100000000)
  eden space 21504K, 0% used [0x00000000d5580000,0x00000000d5580000,0x00000000d6a80000)
  from space 1024K, 0% used [0x00000000d6c80000,0x00000000d6c80000,0x00000000d6d80000)
  to   space 1536K, 0% used [0x00000000d6a80000,0x00000000d6a80000,0x00000000d6c00000)
 ParOldGen       total 68608K, used 28997K [0x0000000080000000, 0x0000000084300000, 0x00000000d5580000)
  object space 68608K, 42% used [0x0000000080000000,0x0000000081c51638,0x0000000084300000)
 Metaspace       used 34707K, committed 35840K, reserved 1114112K
  class space    used 3510K, committed 4032K, reserved 1048576K
}
Event: 15.423 GC heap before
{Heap before GC invocations=21 (full 2):
 PSYoungGen      total 22528K, used 21504K [0x00000000d5580000, 0x00000000d6d80000, 0x0000000100000000)
  eden space 21504K, 100% used [0x00000000d5580000,0x00000000d6a80000,0x00000000d6a80000)
  from space 1024K, 0% used [0x00000000d6c80000,0x00000000d6c80000,0x00000000d6d80000)
  to   space 1536K, 0% used [0x00000000d6a80000,0x00000000d6a80000,0x00000000d6c00000)
 ParOldGen       total 68608K, used 28997K [0x0000000080000000, 0x0000000084300000, 0x00000000d5580000)
  object space 68608K, 42% used [0x0000000080000000,0x0000000081c51638,0x0000000084300000)
 Metaspace       used 35612K, committed 36608K, reserved 1114112K
  class space    used 3641K, committed 4096K, reserved 1048576K
}
Event: 15.425 GC heap after
{Heap after GC invocations=21 (full 2):
 PSYoungGen      total 23040K, used 512K [0x00000000d5580000, 0x00000000d6d00000, 0x0000000100000000)
  eden space 21504K, 0% used [0x00000000d5580000,0x00000000d5580000,0x00000000d6a80000)
  from space 1536K, 33% used [0x00000000d6a80000,0x00000000d6b00010,0x00000000d6c00000)
  to   space 1024K, 0% used [0x00000000d6c00000,0x00000000d6c00000,0x00000000d6d00000)
 ParOldGen       total 68608K, used 29005K [0x0000000080000000, 0x0000000084300000, 0x00000000d5580000)
  object space 68608K, 42% used [0x0000000080000000,0x0000000081c53638,0x0000000084300000)
 Metaspace       used 35612K, committed 36608K, reserved 1114112K
  class space    used 3641K, committed 4096K, reserved 1048576K
}
Event: 15.989 GC heap before
{Heap before GC invocations=22 (full 2):
 PSYoungGen      total 23040K, used 22016K [0x00000000d5580000, 0x00000000d6d00000, 0x0000000100000000)
  eden space 21504K, 100% used [0x00000000d5580000,0x00000000d6a80000,0x00000000d6a80000)
  from space 1536K, 33% used [0x00000000d6a80000,0x00000000d6b00010,0x00000000d6c00000)
  to   space 1024K, 0% used [0x00000000d6c00000,0x00000000d6c00000,0x00000000d6d00000)
 ParOldGen       total 68608K, used 29005K [0x0000000080000000, 0x0000000084300000, 0x00000000d5580000)
  object space 68608K, 42% used [0x0000000080000000,0x0000000081c53638,0x0000000084300000)
 Metaspace       used 36740K, committed 37760K, reserved 1114112K
  class space    used 3735K, committed 4224K, reserved 1048576K
}
Event: 15.991 GC heap after
{Heap after GC invocations=22 (full 2):
 PSYoungGen      total 22016K, used 997K [0x00000000d5580000, 0x00000000d6e80000, 0x0000000100000000)
  eden space 20992K, 0% used [0x00000000d5580000,0x00000000d5580000,0x00000000d6a00000)
  from space 1024K, 97% used [0x00000000d6c00000,0x00000000d6cf97e0,0x00000000d6d00000)
  to   space 2048K, 0% used [0x00000000d6a00000,0x00000000d6a00000,0x00000000d6c00000)
 ParOldGen       total 68608K, used 29784K [0x0000000080000000, 0x0000000084300000, 0x00000000d5580000)
  object space 68608K, 43% used [0x0000000080000000,0x0000000081d163c8,0x0000000084300000)
 Metaspace       used 36740K, committed 37760K, reserved 1114112K
  class space    used 3735K, committed 4224K, reserved 1048576K
}
Event: 16.231 GC heap before
{Heap before GC invocations=23 (full 2):
 PSYoungGen      total 22016K, used 21949K [0x00000000d5580000, 0x00000000d6e80000, 0x0000000100000000)
  eden space 20992K, 99% used [0x00000000d5580000,0x00000000d69f6008,0x00000000d6a00000)
  from space 1024K, 97% used [0x00000000d6c00000,0x00000000d6cf97e0,0x00000000d6d00000)
  to   space 2048K, 0% used [0x00000000d6a00000,0x00000000d6a00000,0x00000000d6c00000)
 ParOldGen       total 68608K, used 29784K [0x0000000080000000, 0x0000000084300000, 0x00000000d5580000)
  object space 68608K, 43% used [0x0000000080000000,0x0000000081d163c8,0x0000000084300000)
 Metaspace       used 36761K, committed 37824K, reserved 1114112K
  class space    used 3735K, committed 4224K, reserved 1048576K
}
Event: 16.234 GC heap after
{Heap after GC invocations=23 (full 2):
 PSYoungGen      total 22016K, used 950K [0x00000000d5580000, 0x00000000d6d00000, 0x0000000100000000)
  eden space 20992K, 0% used [0x00000000d5580000,0x00000000d5580000,0x00000000d6a00000)
  from space 1024K, 92% used [0x00000000d6a00000,0x00000000d6aedac0,0x00000000d6b00000)
  to   space 1536K, 0% used [0x00000000d6b80000,0x00000000d6b80000,0x00000000d6d00000)
 ParOldGen       total 68608K, used 30789K [0x0000000080000000, 0x0000000084300000, 0x00000000d5580000)
  object space 68608K, 44% used [0x0000000080000000,0x0000000081e114b8,0x0000000084300000)
 Metaspace       used 36761K, committed 37824K, reserved 1114112K
  class space    used 3735K, committed 4224K, reserved 1048576K
}
Event: 18.345 GC heap before
{Heap before GC invocations=24 (full 2):
 PSYoungGen      total 22016K, used 21937K [0x00000000d5580000, 0x00000000d6d00000, 0x0000000100000000)
  eden space 20992K, 99% used [0x00000000d5580000,0x00000000d69fec70,0x00000000d6a00000)
  from space 1024K, 92% used [0x00000000d6a00000,0x00000000d6aedac0,0x00000000d6b00000)
  to   space 1536K, 0% used [0x00000000d6b80000,0x00000000d6b80000,0x00000000d6d00000)
 ParOldGen       total 68608K, used 30789K [0x0000000080000000, 0x0000000084300000, 0x00000000d5580000)
  object space 68608K, 44% used [0x0000000080000000,0x0000000081e114b8,0x0000000084300000)
 Metaspace       used 38782K, committed 39872K, reserved 1114112K
  class space    used 3951K, committed 4480K, reserved 1048576K
}
Event: 18.347 GC heap after
{Heap after GC invocations=24 (full 2):
 PSYoungGen      total 22016K, used 1520K [0x00000000d5580000, 0x00000000d6e00000, 0x0000000100000000)
  eden space 20480K, 0% used [0x00000000d5580000,0x00000000d5580000,0x00000000d6980000)
  from space 1536K, 98% used [0x00000000d6b80000,0x00000000d6cfc050,0x00000000d6d00000)
  to   space 2048K, 0% used [0x00000000d6980000,0x00000000d6980000,0x00000000d6b80000)
 ParOldGen       total 68608K, used 30861K [0x0000000080000000, 0x0000000084300000, 0x00000000d5580000)
  object space 68608K, 44% used [0x0000000080000000,0x0000000081e234b8,0x0000000084300000)
 Metaspace       used 38782K, committed 39872K, reserved 1114112K
  class space    used 3951K, committed 4480K, reserved 1048576K
}
Event: 18.684 GC heap before
{Heap before GC invocations=25 (full 2):
 PSYoungGen      total 22016K, used 22000K [0x00000000d5580000, 0x00000000d6e00000, 0x0000000100000000)
  eden space 20480K, 100% used [0x00000000d5580000,0x00000000d6980000,0x00000000d6980000)
  from space 1536K, 98% used [0x00000000d6b80000,0x00000000d6cfc050,0x00000000d6d00000)
  to   space 2048K, 0% used [0x00000000d6980000,0x00000000d6980000,0x00000000d6b80000)
 ParOldGen       total 68608K, used 30861K [0x0000000080000000, 0x0000000084300000, 0x00000000d5580000)
  object space 68608K, 44% used [0x0000000080000000,0x0000000081e234b8,0x0000000084300000)
 Metaspace       used 39327K, committed 40448K, reserved 1114112K
  class space    used 3994K, committed 4544K, reserved 1048576K
}
Event: 18.687 GC heap after
{Heap after GC invocations=25 (full 2):
 PSYoungGen      total 20992K, used 401K [0x00000000d5580000, 0x00000000d6c00000, 0x0000000100000000)
  eden space 20480K, 0% used [0x00000000d5580000,0x00000000d5580000,0x00000000d6980000)
  from space 512K, 78% used [0x00000000d6980000,0x00000000d69e44e0,0x00000000d6a00000)
  to   space 1024K, 0% used [0x00000000d6b00000,0x00000000d6b00000,0x00000000d6c00000)
 ParOldGen       total 68608K, used 32309K [0x0000000080000000, 0x0000000084300000, 0x00000000d5580000)
  object space 68608K, 47% used [0x0000000080000000,0x0000000081f8d558,0x0000000084300000)
 Metaspace       used 39327K, committed 40448K, reserved 1114112K
  class space    used 3994K, committed 4544K, reserved 1048576K
}
Event: 18.815 GC heap before
{Heap before GC invocations=26 (full 2):
 PSYoungGen      total 20992K, used 20881K [0x00000000d5580000, 0x00000000d6c00000, 0x0000000100000000)
  eden space 20480K, 100% used [0x00000000d5580000,0x00000000d6980000,0x00000000d6980000)
  from space 512K, 78% used [0x00000000d6980000,0x00000000d69e44e0,0x00000000d6a00000)
  to   space 1024K, 0% used [0x00000000d6b00000,0x00000000d6b00000,0x00000000d6c00000)
 ParOldGen       total 68608K, used 32309K [0x0000000080000000, 0x0000000084300000, 0x00000000d5580000)
  object space 68608K, 47% used [0x0000000080000000,0x0000000081f8d558,0x0000000084300000)
 Metaspace       used 39477K, committed 40576K, reserved 1114112K
  class space    used 3997K, committed 4544K, reserved 1048576K
}
Event: 18.816 GC heap after
{Heap after GC invocations=26 (full 2):
 PSYoungGen      total 20992K, used 416K [0x00000000d5580000, 0x00000000d6b80000, 0x0000000100000000)
  eden space 20480K, 0% used [0x00000000d5580000,0x00000000d5580000,0x00000000d6980000)
  from space 512K, 81% used [0x00000000d6b00000,0x00000000d6b68000,0x00000000d6b80000)
  to   space 512K, 0% used [0x00000000d6980000,0x00000000d6980000,0x00000000d6a00000)
 ParOldGen       total 68608K, used 32494K [0x0000000080000000, 0x0000000084300000, 0x00000000d5580000)
  object space 68608K, 47% used [0x0000000080000000,0x0000000081fbb858,0x0000000084300000)
 Metaspace       used 39477K, committed 40576K, reserved 1114112K
  class space    used 3997K, committed 4544K, reserved 1048576K
}

