# JRE version: OpenJDK Runtime Environment Temurin-21.0.9+10 (21.0.9+10) (build 21.0.9+10-LTS)
# Java VM: OpenJDK 64-Bit Server VM Temurin-21.0.9+10 (21.0.9+10-LTS, mixed mode, sharing, tiered, compressed oops, compressed class ptrs, parallel gc, windows-amd64)
GC Precious Log:
 CardTable entry size: 512
 CPUs: 12 total, 12 available
 Memory: 16105M
 Large Page Support: Disabled
 NUMA Support: Disabled
 Compressed Oops: Enabled (32-bit)
 Alignments: Space 512K, Generation 512K, Heap 2M
 Heap Min Capacity: 100M
 Heap Initial Capacity: 100M
 Heap Max Capacity: 2G
 Pre-touch: Disabled
 Parallel Workers: 10
Heap:
 PSYoungGen      total 19456K, used 5310K [0x00000000d5580000, 0x00000000d7500000, 0x0000000100000000)
  eden space 17920K, 21% used [0x00000000d5580000,0x00000000d59368f8,0x00000000d6700000)
  from space 1536K, 98% used [0x00000000d6c80000,0x00000000d6df9170,0x00000000d6e00000)
  to   space 5632K, 0% used [0x00000000d6700000,0x00000000d6700000,0x00000000d6c80000)
 ParOldGen       total 68608K, used 37334K [0x0000000080000000, 0x0000000084300000, 0x00000000d5580000)
  object space 68608K, 54% used [0x0000000080000000,0x0000000082475830,0x0000000084300000)
 Metaspace       used 44325K, committed 45440K, reserved 1114112K
  class space    used 4402K, committed 4928K, reserved 1048576K
GC Heap History (20 events):
Event: 6.029 GC heap before
{Heap before GC invocations=19 (full 1):
 PSYoungGen      total 23552K, used 21129K [0x00000000d5580000, 0x00000000d6f00000, 0x0000000100000000)
  eden space 20992K, 91% used [0x00000000d5580000,0x00000000d6832428,0x00000000d6a00000)
  from space 2560K, 77% used [0x00000000d6a00000,0x00000000d6bf0000,0x00000000d6c80000)
  to   space 2560K, 0% used [0x00000000d6c80000,0x00000000d6c80000,0x00000000d6f00000)
 ParOldGen       total 68608K, used 29207K [0x0000000080000000, 0x0000000084300000, 0x00000000d5580000)
  object space 68608K, 42% used [0x0000000080000000,0x0000000081c85e10,0x0000000084300000)
 Metaspace       used 34778K, committed 35840K, reserved 1114112K
  class space    used 3586K, committed 4032K, reserved 1048576K
}
Event: 6.032 GC heap after
{Heap after GC invocations=19 (full 1):
 PSYoungGen      total 22528K, used 1477K [0x00000000d5580000, 0x00000000d6e00000, 0x0000000100000000)
  eden space 20992K, 0% used [0x00000000d5580000,0x00000000d5580000,0x00000000d6a00000)
  from space 1536K, 96% used [0x00000000d6c80000,0x00000000d6df1568,0x00000000d6e00000)
  to   space 2048K, 0% used [0x00000000d6a00000,0x00000000d6a00000,0x00000000d6c00000)
 ParOldGen       total 68608K, used 31044K [0x0000000080000000, 0x0000000084300000, 0x00000000d5580000)
  object space 68608K, 45% used [0x0000000080000000,0x0000000081e51368,0x0000000084300000)
 Metaspace       used 34778K, committed 35840K, reserved 1114112K
  class space    used 3586K, committed 4032K, reserved 1048576K
}
Event: 6.032 GC heap before
{Heap before GC invocations=20 (full 2):
 PSYoungGen      total 22528K, used 1477K [0x00000000d5580000, 0x00000000d6e00000, 0x0000000100000000)
  eden space 20992K, 0% used [0x00000000d5580000,0x00000000d5580000,0x00000000d6a00000)
  from space 1536K, 96% used [0x00000000d6c80000,0x00000000d6df1568,0x00000000d6e00000)
  to   space 2048K, 0% used [0x00000000d6a00000,0x00000000d6a00000,0x00000000d6c00000)
 ParOldGen       total 68608K, used 31044K [0x0000000080000000, 0x0000000084300000, 0x00000000d5580000)
  object space 68608K, 45% used [0x0000000080000000,0x0000000081e51368,0x0000000084300000)
 Metaspace       used 34778K, committed 35840K, reserved 1114112K
  class space    used 3586K, committed 4032K, reserved 1048576K
}
Event: 6.085 GC heap after
{Heap after GC invocations=20 (full 2):
 PSYoungGen      total 22528K, used 0K [0x00000000d5580000, 0x00000000d6e00000, 0x0000000100000000)
  eden space 20992K, 0% used [0x00000000d5580000,0x00000000d5580000,0x00000000d6a00000)
  from space 1536K, 0% used [0x00000000d6c80000,0x00000000d6c80000,0x00000000d6e00000)
  to   space 2048K, 0% used [0x00000000d6a00000,0x00000000d6a00000,0x00000000d6c00000)
 ParOldGen       total 68608K, used 29273K [0x0000000080000000, 0x0000000084300000, 0x00000000d5580000)
  object space 68608K, 42% used [0x0000000080000000,0x0000000081c966a0,0x0000000084300000)
 Metaspace       used 34504K, committed 35840K, reserved 1114112K
  class space    used 3507K, committed 4032K, reserved 1048576K
}
Event: 6.742 GC heap before
{Heap before GC invocations=21 (full 2):
 PSYoungGen      total 22528K, used 20992K [0x00000000d5580000, 0x00000000d6e00000, 0x0000000100000000)
  eden space 20992K, 100% used [0x00000000d5580000,0x00000000d6a00000,0x00000000d6a00000)
  from space 1536K, 0% used [0x00000000d6c80000,0x00000000d6c80000,0x00000000d6e00000)
  to   space 2048K, 0% used [0x00000000d6a00000,0x00000000d6a00000,0x00000000d6c00000)
 ParOldGen       total 68608K, used 29273K [0x0000000080000000, 0x0000000084300000, 0x00000000d5580000)
  object space 68608K, 42% used [0x0000000080000000,0x0000000081c966a0,0x0000000084300000)
 Metaspace       used 35757K, committed 36736K, reserved 1114112K
  class space    used 3654K, committed 4096K, reserved 1048576K
}
Event: 6.743 GC heap after
{Heap after GC invocations=21 (full 2):
 PSYoungGen      total 23040K, used 480K [0x00000000d5580000, 0x00000000d6d00000, 0x0000000100000000)
  eden space 20992K, 0% used [0x00000000d5580000,0x00000000d5580000,0x00000000d6a00000)
  from space 2048K, 23% used [0x00000000d6a00000,0x00000000d6a78000,0x00000000d6c00000)
  to   space 1024K, 0% used [0x00000000d6c00000,0x00000000d6c00000,0x00000000d6d00000)
 ParOldGen       total 68608K, used 29281K [0x0000000080000000, 0x0000000084300000, 0x00000000d5580000)
  object space 68608K, 42% used [0x0000000080000000,0x0000000081c986a0,0x0000000084300000)
 Metaspace       used 35757K, committed 36736K, reserved 1114112K
  class space    used 3654K, committed 4096K, reserved 1048576K
}
Event: 7.116 GC heap before
{Heap before GC invocations=22 (full 2):
 PSYoungGen      total 23040K, used 21472K [0x00000000d5580000, 0x00000000d6d00000, 0x0000000100000000)
  eden space 20992K, 100% used [0x00000000d5580000,0x00000000d6a00000,0x00000000d6a00000)
  from space 2048K, 23% used [0x00000000d6a00000,0x00000000d6a78000,0x00000000d6c00000)
  to   space 1024K, 0% used [0x00000000d6c00000,0x00000000d6c00000,0x00000000d6d00000)
 ParOldGen       total 68608K, used 29281K [0x0000000080000000, 0x0000000084300000, 0x00000000d5580000)
  object space 68608K, 42% used [0x0000000080000000,0x0000000081c986a0,0x0000000084300000)
 Metaspace       used 37295K, committed 38272K, reserved 1114112K
  class space    used 3818K, committed 4224K, reserved 1048576K
}
Event: 7.118 GC heap after
{Heap after GC invocations=22 (full 2):
 PSYoungGen      total 22016K, used 1024K [0x00000000d5580000, 0x00000000d6e00000, 0x0000000100000000)
  eden space 20992K, 0% used [0x00000000d5580000,0x00000000d5580000,0x00000000d6a00000)
  from space 1024K, 100% used [0x00000000d6c00000,0x00000000d6d00000,0x00000000d6d00000)
  to   space 2048K, 0% used [0x00000000d6a00000,0x00000000d6a00000,0x00000000d6c00000)
 ParOldGen       total 68608K, used 29645K [0x0000000080000000, 0x0000000084300000, 0x00000000d5580000)
  object space 68608K, 43% used [0x0000000080000000,0x0000000081cf36b0,0x0000000084300000)
 Metaspace       used 37295K, committed 38272K, reserved 1114112K
  class space    used 3818K, committed 4224K, reserved 1048576K
}
Event: 7.580 GC heap before
{Heap before GC invocations=23 (full 2):
 PSYoungGen      total 22016K, used 22016K [0x00000000d5580000, 0x00000000d6e00000, 0x0000000100000000)
  eden space 20992K, 100% used [0x00000000d5580000,0x00000000d6a00000,0x00000000d6a00000)
  from space 1024K, 100% used [0x00000000d6c00000,0x00000000d6d00000,0x00000000d6d00000)
  to   space 2048K, 0% used [0x00000000d6a00000,0x00000000d6a00000,0x00000000d6c00000)
 ParOldGen       total 68608K, used 29645K [0x0000000080000000, 0x0000000084300000, 0x00000000d5580000)
  object space 68608K, 43% used [0x0000000080000000,0x0000000081cf36b0,0x0000000084300000)
 Metaspace       used 38439K, committed 39424K, reserved 1114112K
  class space    used 3930K, committed 4352K, reserved 1048576K
}
Event: 7.583 GC heap after
{Heap after GC invocations=23 (full 2):
 PSYoungGen      total 22016K, used 608K [0x00000000d5580000, 0x00000000d6c80000, 0x0000000100000000)
  eden space 20992K, 0% used [0x00000000d5580000,0x00000000d5580000,0x00000000d6a00000)
  from space 1024K, 59% used [0x00000000d6a00000,0x00000000d6a98000,0x00000000d6b00000)
  to   space 1024K, 0% used [0x00000000d6b80000,0x00000000d6b80000,0x00000000d6c80000)
 ParOldGen       total 68608K, used 30585K [0x0000000080000000, 0x0000000084300000, 0x00000000d5580000)
  object space 68608K, 44% used [0x0000000080000000,0x0000000081dde760,0x0000000084300000)
 Metaspace       used 38439K, committed 39424K, reserved 1114112K
  class space    used 3930K, committed 4352K, reserved 1048576K
}
Event: 8.355 GC heap before
{Heap before GC invocations=24 (full 2):
 PSYoungGen      total 22016K, used 21600K [0x00000000d5580000, 0x00000000d6c80000, 0x0000000100000000)
  eden space 20992K, 100% used [0x00000000d5580000,0x00000000d6a00000,0x00000000d6a00000)
  from space 1024K, 59% used [0x00000000d6a00000,0x00000000d6a98000,0x00000000d6b00000)
  to   space 1024K, 0% used [0x00000000d6b80000,0x00000000d6b80000,0x00000000d6c80000)
 ParOldGen       total 68608K, used 30585K [0x0000000080000000, 0x0000000084300000, 0x00000000d5580000)
  object space 68608K, 44% used [0x0000000080000000,0x0000000081dde760,0x0000000084300000)
 Metaspace       used 38831K, committed 39808K, reserved 1114112K
  class space    used 3935K, committed 4416K, reserved 1048576K
}
Event: 8.357 GC heap after
{Heap after GC invocations=24 (full 2):
 PSYoungGen      total 22016K, used 991K [0x00000000d5580000, 0x00000000d6d00000, 0x0000000100000000)
  eden space 20992K, 0% used [0x00000000d5580000,0x00000000d5580000,0x00000000d6a00000)
  from space 1024K, 96% used [0x00000000d6b80000,0x00000000d6c77fc8,0x00000000d6c80000)
  to   space 1536K, 0% used [0x00000000d6a00000,0x00000000d6a00000,0x00000000d6b80000)
 ParOldGen       total 68608K, used 30936K [0x0000000080000000, 0x0000000084300000, 0x00000000d5580000)
  object space 68608K, 45% used [0x0000000080000000,0x0000000081e36058,0x0000000084300000)
 Metaspace       used 38831K, committed 39808K, reserved 1114112K
  class space    used 3935K, committed 4416K, reserved 1048576K
}
Event: 9.396 GC heap before
{Heap before GC invocations=25 (full 2):
 PSYoungGen      total 22016K, used 21983K [0x00000000d5580000, 0x00000000d6d00000, 0x0000000100000000)
  eden space 20992K, 100% used [0x00000000d5580000,0x00000000d6a00000,0x00000000d6a00000)
  from space 1024K, 96% used [0x00000000d6b80000,0x00000000d6c77fc8,0x00000000d6c80000)
  to   space 1536K, 0% used [0x00000000d6a00000,0x00000000d6a00000,0x00000000d6b80000)
 ParOldGen       total 68608K, used 30936K [0x0000000080000000, 0x0000000084300000, 0x00000000d5580000)
  object space 68608K, 45% used [0x0000000080000000,0x0000000081e36058,0x0000000084300000)
 Metaspace       used 41427K, committed 42432K, reserved 1114112K
  class space    used 4176K, committed 4608K, reserved 1048576K
}
Event: 9.398 GC heap after
{Heap after GC invocations=25 (full 2):
 PSYoungGen      total 22528K, used 1532K [0x00000000d5580000, 0x00000000d7100000, 0x0000000100000000)
  eden space 20992K, 0% used [0x00000000d5580000,0x00000000d5580000,0x00000000d6a00000)
  from space 1536K, 99% used [0x00000000d6a00000,0x00000000d6b7f258,0x00000000d6b80000)
  to   space 3584K, 0% used [0x00000000d6d80000,0x00000000d6d80000,0x00000000d7100000)
 ParOldGen       total 68608K, used 32355K [0x0000000080000000, 0x0000000084300000, 0x00000000d5580000)
  object space 68608K, 47% used [0x0000000080000000,0x0000000081f98c48,0x0000000084300000)
 Metaspace       used 41427K, committed 42432K, reserved 1114112K
  class space    used 4176K, committed 4608K, reserved 1048576K
}
Event: 9.497 GC heap before
{Heap before GC invocations=26 (full 2):
 PSYoungGen      total 22528K, used 22524K [0x00000000d5580000, 0x00000000d7100000, 0x0000000100000000)
  eden space 20992K, 100% used [0x00000000d5580000,0x00000000d6a00000,0x00000000d6a00000)
  from space 1536K, 99% used [0x00000000d6a00000,0x00000000d6b7f258,0x00000000d6b80000)
  to   space 3584K, 0% used [0x00000000d6d80000,0x00000000d6d80000,0x00000000d7100000)
 ParOldGen       total 68608K, used 32355K [0x0000000080000000, 0x0000000084300000, 0x00000000d5580000)
  object space 68608K, 47% used [0x0000000080000000,0x0000000081f98c48,0x0000000084300000)
 Metaspace       used 41611K, committed 42624K, reserved 1114112K
  class space    used 4198K, committed 4672K, reserved 1048576K
}
Event: 9.499 GC heap after
{Heap after GC invocations=26 (full 2):
 PSYoungGen      total 22528K, used 1098K [0x00000000d5580000, 0x00000000d6f00000, 0x0000000100000000)
  eden space 20992K, 0% used [0x00000000d5580000,0x00000000d5580000,0x00000000d6a00000)
  from space 1536K, 71% used [0x00000000d6d80000,0x00000000d6e92b90,0x00000000d6f00000)
  to   space 2048K, 0% used [0x00000000d6b00000,0x00000000d6b00000,0x00000000d6d00000)
 ParOldGen       total 68608K, used 33930K [0x0000000080000000, 0x0000000084300000, 0x00000000d5580000)
  object space 68608K, 49% used [0x0000000080000000,0x0000000082122b90,0x0000000084300000)
 Metaspace       used 41611K, committed 42624K, reserved 1114112K
  class space    used 4198K, committed 4672K, reserved 1048576K
}
Event: 9.565 GC heap before
{Heap before GC invocations=27 (full 2):
 PSYoungGen      total 22528K, used 22038K [0x00000000d5580000, 0x00000000d6f00000, 0x0000000100000000)
  eden space 20992K, 99% used [0x00000000d5580000,0x00000000d69f2f98,0x00000000d6a00000)
  from space 1536K, 71% used [0x00000000d6d80000,0x00000000d6e92b90,0x00000000d6f00000)
  to   space 2048K, 0% used [0x00000000d6b00000,0x00000000d6b00000,0x00000000d6d00000)
 ParOldGen       total 68608K, used 33930K [0x0000000080000000, 0x0000000084300000, 0x00000000d5580000)
  object space 68608K, 49% used [0x0000000080000000,0x0000000082122b90,0x0000000084300000)
 Metaspace       used 42140K, committed 43136K, reserved 1114112K
  class space    used 4238K, committed 4672K, reserved 1048576K
}
Event: 9.566 GC heap after
{Heap after GC invocations=27 (full 2):
 PSYoungGen      total 22528K, used 1462K [0x00000000d5580000, 0x00000000d6e00000, 0x0000000100000000)
  eden space 20992K, 0% used [0x00000000d5580000,0x00000000d5580000,0x00000000d6a00000)
  from space 1536K, 95% used [0x00000000d6b00000,0x00000000d6c6dab8,0x00000000d6c80000)
  to   space 1536K, 0% used [0x00000000d6c80000,0x00000000d6c80000,0x00000000d6e00000)
 ParOldGen       total 68608K, used 34047K [0x0000000080000000, 0x0000000084300000, 0x00000000d5580000)
  object space 68608K, 49% used [0x0000000080000000,0x000000008213fe20,0x0000000084300000)
 Metaspace       used 42140K, committed 43136K, reserved 1114112K
  class space    used 4238K, committed 4672K, reserved 1048576K
}
Event: 9.954 GC heap before
{Heap before GC invocations=28 (full 2):
 PSYoungGen      total 22528K, used 22454K [0x00000000d5580000, 0x00000000d6e00000, 0x0000000100000000)
  eden space 20992K, 100% used [0x00000000d5580000,0x00000000d6a00000,0x00000000d6a00000)
  from space 1536K, 95% used [0x00000000d6b00000,0x00000000d6c6dab8,0x00000000d6c80000)
  to   space 1536K, 0% used [0x00000000d6c80000,0x00000000d6c80000,0x00000000d6e00000)
 ParOldGen       total 68608K, used 34047K [0x0000000080000000, 0x0000000084300000, 0x00000000d5580000)
  object space 68608K, 49% used [0x0000000080000000,0x000000008213fe20,0x0000000084300000)
 Metaspace       used 44117K, committed 45184K, reserved 1114112K
  class space    used 4398K, committed 4928K, reserved 1048576K
}
Event: 9.957 GC heap after
{Heap after GC invocations=28 (full 2):
 PSYoungGen      total 19456K, used 1508K [0x00000000d5580000, 0x00000000d7500000, 0x0000000100000000)
  eden space 17920K, 0% used [0x00000000d5580000,0x00000000d5580000,0x00000000d6700000)
  from space 1536K, 98% used [0x00000000d6c80000,0x00000000d6df9170,0x00000000d6e00000)
  to   space 5632K, 0% used [0x00000000d6700000,0x00000000d6700000,0x00000000d6c80000)
 ParOldGen       total 68608K, used 37334K [0x0000000080000000, 0x0000000084300000, 0x00000000d5580000)
  object space 68608K, 54% used [0x0000000080000000,0x0000000082475830,0x0000000084300000)
 Metaspace       used 44117K, committed 45184K, reserved 1114112K
  class space    used 4398K, committed 4928K, reserved 1048576K
}

